Watching for file changes with StatReloader
[29/Dec/2025 18:44:04] "GET /api/seo-config/ HTTP/1.1" 200 172
[29/Dec/2025 18:44:04] "GET /api/seo-config/ HTTP/1.1" 200 172
[29/Dec/2025 18:44:04] "GET /api/home-config/ HTTP/1.1" 200 2377
[29/Dec/2025 18:44:04] "GET /api/home-config/ HTTP/1.1" 200 2377
[29/Dec/2025 18:44:04] "GET /api/home-config/ HTTP/1.1" 200 2377
[29/Dec/2025 18:44:04] "GET /api/home-config/ HTTP/1.1" 200 2377
[29/Dec/2025 18:44:07] "GET /api/home-config/ HTTP/1.1" 200 2377
[29/Dec/2025 18:45:10] "GET / HTTP/1.1" 302 0
[29/Dec/2025 18:45:10] "GET /admin/ HTTP/1.1" 302 0
[29/Dec/2025 18:45:11] "GET /admin/login/?next=/admin/ HTTP/1.1" 200 2989
[29/Dec/2025 18:45:11] "GET /static/jazzmin/css/main.css HTTP/1.1" 200 16969
[29/Dec/2025 18:45:11] "GET /static/vendor/fontawesome-free/css/all.min.css HTTP/1.1" 200 103009
[29/Dec/2025 18:45:11] "GET /static/img/logo.png HTTP/1.1" 200 147819
[29/Dec/2025 18:45:11] "GET /static/admin/js/vendor/jquery/jquery.js HTTP/1.1" 200 285314
[29/Dec/2025 18:45:11] "GET /static/vendor/adminlte/js/adminlte.min.js HTTP/1.1" 200 44244
[29/Dec/2025 18:45:11] "GET /static/vendor/bootstrap/js/bootstrap.min.js HTTP/1.1" 200 62440
[29/Dec/2025 18:45:11] "GET /static/vendor/adminlte/css/adminlte.min.css HTTP/1.1" 200 1382975
[29/Dec/2025 18:45:12] "GET /static/vendor/fontawesome-free/webfonts/fa-solid-900.woff2 HTTP/1.1" 200 156400
[29/Dec/2025 18:45:22] "GET /api/seo-config/ HTTP/1.1" 200 172
[29/Dec/2025 18:45:22] "GET /api/seo-config/ HTTP/1.1" 200 172
[29/Dec/2025 18:45:22] "GET /api/home-config/ HTTP/1.1" 200 2377
[29/Dec/2025 18:45:22] "GET /api/home-config/ HTTP/1.1" 200 2377
[29/Dec/2025 18:45:22] "GET /api/home-config/ HTTP/1.1" 200 2377
[29/Dec/2025 18:45:22] "GET /api/home-config/ HTTP/1.1" 200 2377
[29/Dec/2025 18:45:24] "GET /api/home-config/ HTTP/1.1" 200 2377
[29/Dec/2025 18:45:31] "POST /admin/login/?next=/admin/ HTTP/1.1" 302 0
[29/Dec/2025 18:45:31] "GET /admin/ HTTP/1.1" 200 59604
[29/Dec/2025 18:45:31] "GET /static/jazzmin/js/main.js HTTP/1.1" 200 2391
[29/Dec/2025 18:45:31] "GET /static/jazzmin/js/ui-builder.js HTTP/1.1" 200 13873
[29/Dec/2025 18:45:31] "GET /static/vendor/fontawesome-free/webfonts/fa-regular-400.woff2 HTTP/1.1" 200 25392
[29/Dec/2025 18:45:31] "GET /admin/api/dashboard-stats/?range=all HTTP/1.1" 200 250
[29/Dec/2025 18:46:45] "GET /api/seo-config/ HTTP/1.1" 200 172
[29/Dec/2025 18:46:45] "GET /api/seo-config/ HTTP/1.1" 200 172
[29/Dec/2025 18:46:45] "GET /api/home-config/ HTTP/1.1" 200 2377
[29/Dec/2025 18:46:45] "GET /api/home-config/ HTTP/1.1" 200 2377
[29/Dec/2025 18:46:45] "GET /api/home-config/ HTTP/1.1" 200 2377
[29/Dec/2025 18:46:45] "GET /api/home-config/ HTTP/1.1" 200 2377
[29/Dec/2025 18:46:47] "GET /api/seo-config/ HTTP/1.1" 200 172
[29/Dec/2025 18:46:47] "GET /api/seo-config/ HTTP/1.1" 200 172
[29/Dec/2025 18:46:47] "GET /api/home-config/ HTTP/1.1" 200 2377
[29/Dec/2025 18:46:47] "GET /api/home-config/ HTTP/1.1" 200 2377
[29/Dec/2025 18:46:47] "GET /api/home-config/ HTTP/1.1" 200 2377
[29/Dec/2025 18:46:47] "GET /api/home-config/ HTTP/1.1" 200 2377
[29/Dec/2025 18:46:47] "GET /api/home-config/ HTTP/1.1" 200 2377
[29/Dec/2025 18:48:03] "GET /api/home-config/ HTTP/1.1" 200 2377
[29/Dec/2025 18:54:40] "GET /api/seo-config/ HTTP/1.1" 200 172
[29/Dec/2025 18:54:40] "GET /api/seo-config/ HTTP/1.1" 200 172
[29/Dec/2025 18:54:40] "GET /api/home-config/ HTTP/1.1" 200 2377
[29/Dec/2025 18:54:40] "GET /api/home-config/ HTTP/1.1" 200 2377
[29/Dec/2025 18:54:40] "GET /api/home-config/ HTTP/1.1" 200 2377
[29/Dec/2025 18:54:40] "GET /api/home-config/ HTTP/1.1" 200 2377
[29/Dec/2025 18:54:41] "GET /api/home-config/ HTTP/1.1" 200 2377
[29/Dec/2025 18:55:32] "GET /api/seo-config/ HTTP/1.1" 200 172
[29/Dec/2025 18:55:33] "GET /api/seo-config/ HTTP/1.1" 200 172
